{"meta": {"format": 3, "version": "7.12.0", "timestamp": "2025-11-28T00:11:14.513396", "branch_coverage": false, "show_contexts": false}, "files": {"src/duplexer/__init__.py": {"executed_lines": [1, 3], "summary": {"covered_lines": 1, "num_statements": 1, "percent_covered": 100.0, "percent_covered_display": "100", "missing_lines": 0, "excluded_lines": 0, "percent_statements_covered": 100.0, "percent_statements_covered_display": "100"}, "missing_lines": [], "excluded_lines": [], "functions": {"": {"executed_lines": [1, 3], "summary": {"covered_lines": 1, "num_statements": 1, "percent_covered": 100.0, "percent_covered_display": "100", "missing_lines": 0, "excluded_lines": 0, "percent_statements_covered": 100.0, "percent_statements_covered_display": "100"}, "missing_lines": [], "excluded_lines": []}}, "classes": {"": {"executed_lines": [1, 3], "summary": {"covered_lines": 1, "num_statements": 1, "percent_covered": 100.0, "percent_covered_display": "100", "missing_lines": 0, "excluded_lines": 0, "percent_statements_covered": 100.0, "percent_statements_covered_display": "100"}, "missing_lines": [], "excluded_lines": []}}}, "src/duplexer/__main__.py": {"executed_lines": [], "summary": {"covered_lines": 0, "num_statements": 3, "percent_covered": 0.0, "percent_covered_display": "0", "missing_lines": 3, "excluded_lines": 0, "percent_statements_covered": 0.0, "percent_statements_covered_display": "0"}, "missing_lines": [3, 5, 6], "excluded_lines": [], "functions": {"": {"executed_lines": [], "summary": {"covered_lines": 0, "num_statements": 3, "percent_covered": 0.0, "percent_covered_display": "0", "missing_lines": 3, "excluded_lines": 0, "percent_statements_covered": 0.0, "percent_statements_covered_display": "0"}, "missing_lines": [3, 5, 6], "excluded_lines": []}}, "classes": {"": {"executed_lines": [], "summary": {"covered_lines": 0, "num_statements": 3, "percent_covered": 0.0, "percent_covered_display": "0", "missing_lines": 3, "excluded_lines": 0, "percent_statements_covered": 0.0, "percent_statements_covered_display": "0"}, "missing_lines": [3, 5, 6], "excluded_lines": []}}}, "src/duplexer/cli.py": {"executed_lines": [1, 3, 4, 5, 6, 7, 9, 11, 12, 19, 21, 24, 31, 32, 33, 35, 42, 44, 47, 71, 74, 75, 76, 79, 81, 82, 83, 84, 85, 86, 89, 92, 93, 94, 97, 99, 107, 108, 111, 112, 113, 117, 118, 120, 121, 122, 123, 140, 141, 142, 144, 147, 148, 149, 150, 155, 160, 161, 162, 176, 178, 179, 185, 186, 187, 188, 189, 190, 193, 199, 215, 216, 218, 219, 221, 222, 223, 225, 235, 252, 253, 254, 255, 256, 257, 258, 259, 260, 261, 262, 263, 266, 284, 285, 286, 288, 289, 290, 293, 316, 318, 328, 331, 332, 333, 334, 335, 336, 337, 394], "summary": {"covered_lines": 109, "num_statements": 144, "percent_covered": 75.69444444444444, "percent_covered_display": "76", "missing_lines": 35, "excluded_lines": 0, "percent_statements_covered": 75.69444444444444, "percent_statements_covered_display": "76"}, "missing_lines": [115, 124, 125, 127, 128, 129, 130, 131, 132, 134, 135, 136, 137, 191, 192, 194, 195, 196, 349, 352, 353, 354, 355, 358, 361, 364, 367, 377, 385, 386, 387, 388, 390, 391, 395], "excluded_lines": [], "functions": {"setup_logging": {"executed_lines": [31, 32, 33, 35], "summary": {"covered_lines": 4, "num_statements": 4, "percent_covered": 100.0, "percent_covered_display": "100", "missing_lines": 0, "excluded_lines": 0, "percent_statements_covered": 100.0, "percent_statements_covered_display": "100"}, "missing_lines": [], "excluded_lines": []}, "str_to_bool": {"executed_lines": [44], "summary": {"covered_lines": 1, "num_statements": 1, "percent_covered": 100.0, "percent_covered_display": "100", "missing_lines": 0, "excluded_lines": 0, "percent_statements_covered": 100.0, "percent_statements_covered_display": "100"}, "missing_lines": [], "excluded_lines": []}, "process_pdf_file": {"executed_lines": [71, 74, 75, 76, 79, 81, 82, 83, 84, 85, 86, 89, 92, 93, 94, 97, 99, 107, 108, 111, 112, 113, 117, 118, 120, 121, 122, 123], "summary": {"covered_lines": 28, "num_statements": 41, "percent_covered": 68.29268292682927, "percent_covered_display": "68", "missing_lines": 13, "excluded_lines": 0, "percent_statements_covered": 68.29268292682927, "percent_statements_covered_display": "68"}, "missing_lines": [115, 124, 125, 127, 128, 129, 130, 131, 132, 134, 135, 136, 137], "excluded_lines": []}, "cli": {"executed_lines": [144], "summary": {"covered_lines": 1, "num_statements": 1, "percent_covered": 100.0, "percent_covered_display": "100", "missing_lines": 0, "excluded_lines": 0, "percent_statements_covered": 100.0, "percent_statements_covered_display": "100"}, "missing_lines": [], "excluded_lines": []}, "interleave": {"executed_lines": [176, 178, 179, 185, 186, 187, 188, 189, 190, 193], "summary": {"covered_lines": 10, "num_statements": 15, "percent_covered": 66.66666666666667, "percent_covered_display": "67", "missing_lines": 5, "excluded_lines": 0, "percent_statements_covered": 66.66666666666667, "percent_statements_covered_display": "67"}, "missing_lines": [191, 192, 194, 195, 196], "excluded_lines": []}, "load_watch_config": {"executed_lines": [215, 216, 218, 219, 221, 222, 223, 225], "summary": {"covered_lines": 8, "num_statements": 8, "percent_covered": 100.0, "percent_covered_display": "100", "missing_lines": 0, "excluded_lines": 0, "percent_statements_covered": 100.0, "percent_statements_covered_display": "100"}, "missing_lines": [], "excluded_lines": []}, "log_watch_config": {"executed_lines": [252, 253, 254, 255, 256, 257, 258, 259, 260, 261, 262, 263], "summary": {"covered_lines": 12, "num_statements": 12, "percent_covered": 100.0, "percent_covered_display": "100", "missing_lines": 0, "excluded_lines": 0, "percent_statements_covered": 100.0, "percent_statements_covered_display": "100"}, "missing_lines": [], "excluded_lines": []}, "setup_watch_directories": {"executed_lines": [284, 285, 286, 288, 289, 290], "summary": {"covered_lines": 6, "num_statements": 6, "percent_covered": 100.0, "percent_covered_display": "100", "missing_lines": 0, "excluded_lines": 0, "percent_statements_covered": 100.0, "percent_statements_covered_display": "100"}, "missing_lines": [], "excluded_lines": []}, "create_process_callback": {"executed_lines": [316, 328], "summary": {"covered_lines": 2, "num_statements": 2, "percent_covered": 100.0, "percent_covered_display": "100", "missing_lines": 0, "excluded_lines": 0, "percent_statements_covered": 100.0, "percent_statements_covered_display": "100"}, "missing_lines": [], "excluded_lines": []}, "create_process_callback.process_file": {"executed_lines": [318], "summary": {"covered_lines": 1, "num_statements": 1, "percent_covered": 100.0, "percent_covered_display": "100", "missing_lines": 0, "excluded_lines": 0, "percent_statements_covered": 100.0, "percent_statements_covered_display": "100"}, "missing_lines": [], "excluded_lines": []}, "watch": {"executed_lines": [], "summary": {"covered_lines": 0, "num_statements": 16, "percent_covered": 0.0, "percent_covered_display": "0", "missing_lines": 16, "excluded_lines": 0, "percent_statements_covered": 0.0, "percent_statements_covered_display": "0"}, "missing_lines": [349, 352, 353, 354, 355, 358, 361, 364, 367, 377, 385, 386, 387, 388, 390, 391], "excluded_lines": []}, "": {"executed_lines": [1, 3, 4, 5, 6, 7, 9, 11, 12, 19, 21, 24, 42, 47, 140, 141, 142, 147, 148, 149, 150, 155, 160, 161, 162, 199, 235, 266, 293, 331, 332, 333, 334, 335, 336, 337, 394], "summary": {"covered_lines": 36, "num_statements": 37, "percent_covered": 97.29729729729729, "percent_covered_display": "97", "missing_lines": 1, "excluded_lines": 0, "percent_statements_covered": 97.29729729729729, "percent_statements_covered_display": "97"}, "missing_lines": [395], "excluded_lines": []}}, "classes": {"": {"executed_lines": [1, 3, 4, 5, 6, 7, 9, 11, 12, 19, 21, 24, 31, 32, 33, 35, 42, 44, 47, 71, 74, 75, 76, 79, 81, 82, 83, 84, 85, 86, 89, 92, 93, 94, 97, 99, 107, 108, 111, 112, 113, 117, 118, 120, 121, 122, 123, 140, 141, 142, 144, 147, 148, 149, 150, 155, 160, 161, 162, 176, 178, 179, 185, 186, 187, 188, 189, 190, 193, 199, 215, 216, 218, 219, 221, 222, 223, 225, 235, 252, 253, 254, 255, 256, 257, 258, 259, 260, 261, 262, 263, 266, 284, 285, 286, 288, 289, 290, 293, 316, 318, 328, 331, 332, 333, 334, 335, 336, 337, 394], "summary": {"covered_lines": 109, "num_statements": 144, "percent_covered": 75.69444444444444, "percent_covered_display": "76", "missing_lines": 35, "excluded_lines": 0, "percent_statements_covered": 75.69444444444444, "percent_statements_covered_display": "76"}, "missing_lines": [115, 124, 125, 127, 128, 129, 130, 131, 132, 134, 135, 136, 137, 191, 192, 194, 195, 196, 349, 352, 353, 354, 355, 358, 361, 364, 367, 377, 385, 386, 387, 388, 390, 391, 395], "excluded_lines": []}}}, "src/duplexer/interleave.py": {"executed_lines": [1, 3, 4, 6, 8, 11, 12, 14, 17, 18, 20, 23, 39, 40, 41, 44, 52, 53, 54, 55, 56, 57, 58, 59, 60, 61, 63, 64, 65, 68, 90, 91, 95, 96, 100, 103, 104, 107, 108, 110, 111, 112, 113, 114, 116, 121, 122, 123, 126, 127, 129, 130, 133, 136, 138, 139, 142, 144, 145, 146, 147, 148, 150, 151, 154, 157, 158, 159, 160, 165, 180, 181, 182, 183, 184, 185, 186, 187, 188], "summary": {"covered_lines": 76, "num_statements": 81, "percent_covered": 93.82716049382717, "percent_covered_display": "94", "missing_lines": 5, "excluded_lines": 0, "percent_statements_covered": 93.82716049382717, "percent_statements_covered_display": "94"}, "missing_lines": [97, 98, 101, 161, 162], "excluded_lines": [], "functions": {"create_blank_page": {"executed_lines": [39, 40, 41], "summary": {"covered_lines": 3, "num_statements": 3, "percent_covered": 100.0, "percent_covered_display": "100", "missing_lines": 0, "excluded_lines": 0, "percent_statements_covered": 100.0, "percent_statements_covered_display": "100"}, "missing_lines": [], "excluded_lines": []}, "copy_metadata": {"executed_lines": [52, 53, 54, 55, 56, 57, 58, 59, 60, 61, 63, 64, 65], "summary": {"covered_lines": 13, "num_statements": 13, "percent_covered": 100.0, "percent_covered_display": "100", "missing_lines": 0, "excluded_lines": 0, "percent_statements_covered": 100.0, "percent_statements_covered_display": "100"}, "missing_lines": [], "excluded_lines": []}, "interleave_duplex": {"executed_lines": [90, 91, 95, 96, 100, 103, 104, 107, 108, 110, 111, 112, 113, 114, 116, 121, 122, 123, 126, 127, 129, 130, 133, 136, 138, 139, 142, 144, 145, 146, 147, 148, 150, 151, 154, 157, 158, 159, 160], "summary": {"covered_lines": 39, "num_statements": 44, "percent_covered": 88.63636363636364, "percent_covered_display": "89", "missing_lines": 5, "excluded_lines": 0, "percent_statements_covered": 88.63636363636364, "percent_statements_covered_display": "89"}, "missing_lines": [97, 98, 101, 161, 162], "excluded_lines": []}, "validate_pdf": {"executed_lines": [180, 181, 182, 183, 184, 185, 186, 187, 188], "summary": {"covered_lines": 9, "num_statements": 9, "percent_covered": 100.0, "percent_covered_display": "100", "missing_lines": 0, "excluded_lines": 0, "percent_statements_covered": 100.0, "percent_statements_covered_display": "100"}, "missing_lines": [], "excluded_lines": []}, "": {"executed_lines": [1, 3, 4, 6, 8, 11, 12, 14, 17, 18, 20, 23, 44, 68, 165], "summary": {"covered_lines": 12, "num_statements": 12, "percent_covered": 100.0, "percent_covered_display": "100", "missing_lines": 0, "excluded_lines": 0, "percent_statements_covered": 100.0, "percent_statements_covered_display": "100"}, "missing_lines": [], "excluded_lines": []}}, "classes": {"DuplexError": {"executed_lines": [], "summary": {"covered_lines": 0, "num_statements": 0, "percent_covered": 100.0, "percent_covered_display": "100", "missing_lines": 0, "excluded_lines": 0, "percent_statements_covered": 100.0, "percent_statements_covered_display": "100"}, "missing_lines": [], "excluded_lines": []}, "InvalidPageCountError": {"executed_lines": [], "summary": {"covered_lines": 0, "num_statements": 0, "percent_covered": 100.0, "percent_covered_display": "100", "missing_lines": 0, "excluded_lines": 0, "percent_statements_covered": 100.0, "percent_statements_covered_display": "100"}, "missing_lines": [], "excluded_lines": []}, "": {"executed_lines": [1, 3, 4, 6, 8, 11, 12, 14, 17, 18, 20, 23, 39, 40, 41, 44, 52, 53, 54, 55, 56, 57, 58, 59, 60, 61, 63, 64, 65, 68, 90, 91, 95, 96, 100, 103, 104, 107, 108, 110, 111, 112, 113, 114, 116, 121, 122, 123, 126, 127, 129, 130, 133, 136, 138, 139, 142, 144, 145, 146, 147, 148, 150, 151, 154, 157, 158, 159, 160, 165, 180, 181, 182, 183, 184, 185, 186, 187, 188], "summary": {"covered_lines": 76, "num_statements": 81, "percent_covered": 93.82716049382717, "percent_covered_display": "94", "missing_lines": 5, "excluded_lines": 0, "percent_statements_covered": 93.82716049382717, "percent_statements_covered_display": "94"}, "missing_lines": [97, 98, 101, 161, 162], "excluded_lines": []}}}, "src/duplexer/io_utils.py": {"executed_lines": [1, 3, 4, 5, 7, 10, 17, 18, 19, 22, 45, 56, 59, 60, 61, 62, 65, 67, 68, 72, 74, 78, 84, 94, 95, 96, 97, 98, 101, 113, 114, 116, 119, 134, 135, 138, 139, 141, 142, 143, 144, 145, 152, 153, 154, 155, 157, 160, 171, 172, 175, 176, 177, 178, 179, 180, 181, 182, 184, 185, 186, 187, 193, 209, 210, 211, 212, 215, 222, 223, 224, 225, 226], "summary": {"covered_lines": 72, "num_statements": 92, "percent_covered": 78.26086956521739, "percent_covered_display": "78", "missing_lines": 20, "excluded_lines": 0, "percent_statements_covered": 78.26086956521739, "percent_statements_covered_display": "78"}, "missing_lines": [33, 35, 38, 39, 40, 41, 42, 57, 79, 80, 81, 146, 147, 148, 149, 188, 189, 190, 227, 228], "excluded_lines": [], "functions": {"ensure_dir": {"executed_lines": [17, 18, 19], "summary": {"covered_lines": 3, "num_statements": 3, "percent_covered": 100.0, "percent_covered_display": "100", "missing_lines": 0, "excluded_lines": 0, "percent_statements_covered": 100.0, "percent_statements_covered_display": "100"}, "missing_lines": [], "excluded_lines": []}, "atomic_write": {"executed_lines": [], "summary": {"covered_lines": 0, "num_statements": 7, "percent_covered": 0.0, "percent_covered_display": "0", "missing_lines": 7, "excluded_lines": 0, "percent_statements_covered": 0.0, "percent_statements_covered_display": "0"}, "missing_lines": [33, 35, 38, 39, 40, 41, 42], "excluded_lines": []}, "is_file_stable": {"executed_lines": [56, 59, 60, 61, 62, 65, 67, 68, 72, 74, 78], "summary": {"covered_lines": 11, "num_statements": 15, "percent_covered": 73.33333333333333, "percent_covered_display": "73", "missing_lines": 4, "excluded_lines": 0, "percent_statements_covered": 73.33333333333333, "percent_statements_covered_display": "73"}, "missing_lines": [57, 79, 80, 81], "excluded_lines": []}, "has_ready_file": {"executed_lines": [94, 95, 96, 97, 98], "summary": {"covered_lines": 5, "num_statements": 5, "percent_covered": 100.0, "percent_covered_display": "100", "missing_lines": 0, "excluded_lines": 0, "percent_statements_covered": 100.0, "percent_statements_covered_display": "100"}, "missing_lines": [], "excluded_lines": []}, "is_file_ready": {"executed_lines": [113, 114, 116], "summary": {"covered_lines": 3, "num_statements": 3, "percent_covered": 100.0, "percent_covered_display": "100", "missing_lines": 0, "excluded_lines": 0, "percent_statements_covered": 100.0, "percent_statements_covered_display": "100"}, "missing_lines": [], "excluded_lines": []}, "already_processed": {"executed_lines": [134, 135, 138, 139, 141, 142, 143, 144, 145, 152, 153, 154, 155, 157], "summary": {"covered_lines": 14, "num_statements": 18, "percent_covered": 77.77777777777777, "percent_covered_display": "78", "missing_lines": 4, "excluded_lines": 0, "percent_statements_covered": 77.77777777777777, "percent_statements_covered_display": "78"}, "missing_lines": [146, 147, 148, 149], "excluded_lines": []}, "safe_move": {"executed_lines": [171, 172, 175, 176, 177, 178, 179, 180, 181, 182, 184, 185, 186, 187], "summary": {"covered_lines": 14, "num_statements": 17, "percent_covered": 82.3529411764706, "percent_covered_display": "82", "missing_lines": 3, "excluded_lines": 0, "percent_statements_covered": 82.3529411764706, "percent_statements_covered_display": "82"}, "missing_lines": [188, 189, 190], "excluded_lines": []}, "get_output_path": {"executed_lines": [209, 210, 211, 212], "summary": {"covered_lines": 4, "num_statements": 4, "percent_covered": 100.0, "percent_covered_display": "100", "missing_lines": 0, "excluded_lines": 0, "percent_statements_covered": 100.0, "percent_statements_covered_display": "100"}, "missing_lines": [], "excluded_lines": []}, "cleanup_ready_file": {"executed_lines": [222, 223, 224, 225, 226], "summary": {"covered_lines": 5, "num_statements": 7, "percent_covered": 71.42857142857143, "percent_covered_display": "71", "missing_lines": 2, "excluded_lines": 0, "percent_statements_covered": 71.42857142857143, "percent_statements_covered_display": "71"}, "missing_lines": [227, 228], "excluded_lines": []}, "": {"executed_lines": [1, 3, 4, 5, 7, 10, 22, 45, 84, 101, 119, 160, 193, 215], "summary": {"covered_lines": 13, "num_statements": 13, "percent_covered": 100.0, "percent_covered_display": "100", "missing_lines": 0, "excluded_lines": 0, "percent_statements_covered": 100.0, "percent_statements_covered_display": "100"}, "missing_lines": [], "excluded_lines": []}}, "classes": {"": {"executed_lines": [1, 3, 4, 5, 7, 10, 17, 18, 19, 22, 45, 56, 59, 60, 61, 62, 65, 67, 68, 72, 74, 78, 84, 94, 95, 96, 97, 98, 101, 113, 114, 116, 119, 134, 135, 138, 139, 141, 142, 143, 144, 145, 152, 153, 154, 155, 157, 160, 171, 172, 175, 176, 177, 178, 179, 180, 181, 182, 184, 185, 186, 187, 193, 209, 210, 211, 212, 215, 222, 223, 224, 225, 226], "summary": {"covered_lines": 72, "num_statements": 92, "percent_covered": 78.26086956521739, "percent_covered_display": "78", "missing_lines": 20, "excluded_lines": 0, "percent_statements_covered": 78.26086956521739, "percent_statements_covered_display": "78"}, "missing_lines": [33, 35, 38, 39, 40, 41, 42, 57, 79, 80, 81, 146, 147, 148, 149, 188, 189, 190, 227, 228], "excluded_lines": []}}}, "src/duplexer/watcher.py": {"executed_lines": [1, 3, 4, 5, 6, 7, 8, 10, 13, 14, 15, 17, 18, 24, 25, 27, 43, 44, 45, 46, 47, 48, 51, 52, 54, 56, 59, 60, 61, 63, 65, 66, 68, 69, 70, 72, 74, 76, 78, 81, 82, 84, 85, 88, 91, 92, 93, 94, 98, 100, 102, 104, 105, 108, 112, 113, 119, 120, 125, 126, 128, 150, 151, 152, 153, 154, 155, 156, 157, 158, 159, 162, 163, 165, 169, 174, 181, 183, 184, 186, 188, 189, 190, 192, 195, 196, 197, 198, 199, 203, 205, 207, 208, 210, 211, 212, 213, 217, 218, 220, 222, 223, 225, 232, 233, 234, 236, 237, 238, 242, 243, 244, 245, 246, 248, 255, 256, 259, 260, 262, 264, 266, 267, 268], "summary": {"covered_lines": 121, "num_statements": 143, "percent_covered": 84.61538461538461, "percent_covered_display": "85", "missing_lines": 22, "excluded_lines": 0, "percent_statements_covered": 84.61538461538461, "percent_statements_covered_display": "85"}, "missing_lines": [19, 20, 21, 57, 75, 77, 79, 109, 115, 116, 121, 122, 171, 172, 193, 200, 201, 214, 215, 239, 240, 257], "excluded_lines": [], "functions": {"ProcessingHandler.__init__": {"executed_lines": [43, 44, 45, 46, 47, 48, 51, 52], "summary": {"covered_lines": 8, "num_statements": 8, "percent_covered": 100.0, "percent_covered_display": "100", "missing_lines": 0, "excluded_lines": 0, "percent_statements_covered": 100.0, "percent_statements_covered_display": "100"}, "missing_lines": [], "excluded_lines": []}, "ProcessingHandler.on_created": {"executed_lines": [56, 59, 60, 61], "summary": {"covered_lines": 4, "num_statements": 5, "percent_covered": 80.0, "percent_covered_display": "80", "missing_lines": 1, "excluded_lines": 0, "percent_statements_covered": 80.0, "percent_statements_covered_display": "80"}, "missing_lines": [57], "excluded_lines": []}, "ProcessingHandler.on_modified": {"executed_lines": [65, 66, 68, 69, 70], "summary": {"covered_lines": 5, "num_statements": 5, "percent_covered": 100.0, "percent_covered_display": "100", "missing_lines": 0, "excluded_lines": 0, "percent_statements_covered": 100.0, "percent_statements_covered_display": "100"}, "missing_lines": [], "excluded_lines": []}, "ProcessingHandler._mark_pending": {"executed_lines": [74, 76, 78, 81, 82, 84, 85, 88, 91, 92, 93, 94], "summary": {"covered_lines": 12, "num_statements": 15, "percent_covered": 80.0, "percent_covered_display": "80", "missing_lines": 3, "excluded_lines": 0, "percent_statements_covered": 80.0, "percent_statements_covered_display": "80"}, "missing_lines": [75, 77, 79], "excluded_lines": []}, "ProcessingHandler._check_file_ready": {"executed_lines": [100, 102, 104, 105, 108, 112, 113, 119, 120], "summary": {"covered_lines": 9, "num_statements": 14, "percent_covered": 64.28571428571429, "percent_covered_display": "64", "missing_lines": 5, "excluded_lines": 0, "percent_statements_covered": 64.28571428571429, "percent_statements_covered_display": "64"}, "missing_lines": [109, 115, 116, 121, 122], "excluded_lines": []}, "FileWatcher.__init__": {"executed_lines": [150, 151, 152, 153, 154, 155, 156, 157, 158, 159, 162, 163, 165], "summary": {"covered_lines": 13, "num_statements": 13, "percent_covered": 100.0, "percent_covered_display": "100", "missing_lines": 0, "excluded_lines": 0, "percent_statements_covered": 100.0, "percent_statements_covered_display": "100"}, "missing_lines": [], "excluded_lines": []}, "FileWatcher._signal_handler": {"executed_lines": [], "summary": {"covered_lines": 0, "num_statements": 2, "percent_covered": 0.0, "percent_covered_display": "0", "missing_lines": 2, "excluded_lines": 0, "percent_statements_covered": 0.0, "percent_statements_covered_display": "0"}, "missing_lines": [171, 172], "excluded_lines": []}, "FileWatcher.scan_once": {"executed_lines": [181, 183, 184, 186, 188, 189, 190, 192, 195, 196, 197, 198, 199, 203], "summary": {"covered_lines": 14, "num_statements": 17, "percent_covered": 82.3529411764706, "percent_covered_display": "82", "missing_lines": 3, "excluded_lines": 0, "percent_statements_covered": 82.3529411764706, "percent_statements_covered_display": "82"}, "missing_lines": [193, 200, 201], "excluded_lines": []}, "FileWatcher.watch_polling": {"executed_lines": [207, 208, 210, 211, 212, 213, 217, 218], "summary": {"covered_lines": 8, "num_statements": 10, "percent_covered": 80.0, "percent_covered_display": "80", "missing_lines": 2, "excluded_lines": 0, "percent_statements_covered": 80.0, "percent_statements_covered_display": "80"}, "missing_lines": [214, 215], "excluded_lines": []}, "FileWatcher.watch_observer": {"executed_lines": [222, 223, 225, 232, 233, 234, 236, 237, 238, 242, 243, 244, 245, 246], "summary": {"covered_lines": 14, "num_statements": 16, "percent_covered": 87.5, "percent_covered_display": "88", "missing_lines": 2, "excluded_lines": 0, "percent_statements_covered": 87.5, "percent_statements_covered_display": "88"}, "missing_lines": [239, 240], "excluded_lines": []}, "FileWatcher.watch": {"executed_lines": [255, 256, 259, 260, 262], "summary": {"covered_lines": 5, "num_statements": 6, "percent_covered": 83.33333333333333, "percent_covered_display": "83", "missing_lines": 1, "excluded_lines": 0, "percent_statements_covered": 83.33333333333333, "percent_statements_covered_display": "83"}, "missing_lines": [257], "excluded_lines": []}, "FileWatcher.stop": {"executed_lines": [266, 267, 268], "summary": {"covered_lines": 3, "num_statements": 3, "percent_covered": 100.0, "percent_covered_display": "100", "missing_lines": 0, "excluded_lines": 0, "percent_statements_covered": 100.0, "percent_statements_covered_display": "100"}, "missing_lines": [], "excluded_lines": []}, "": {"executed_lines": [1, 3, 4, 5, 6, 7, 8, 10, 13, 14, 15, 17, 18, 24, 25, 27, 54, 63, 72, 98, 125, 126, 128, 169, 174, 205, 220, 248, 264], "summary": {"covered_lines": 26, "num_statements": 29, "percent_covered": 89.65517241379311, "percent_covered_display": "90", "missing_lines": 3, "excluded_lines": 0, "percent_statements_covered": 89.65517241379311, "percent_statements_covered_display": "90"}, "missing_lines": [19, 20, 21], "excluded_lines": []}}, "classes": {"ProcessingHandler": {"executed_lines": [43, 44, 45, 46, 47, 48, 51, 52, 56, 59, 60, 61, 65, 66, 68, 69, 70, 74, 76, 78, 81, 82, 84, 85, 88, 91, 92, 93, 94, 100, 102, 104, 105, 108, 112, 113, 119, 120], "summary": {"covered_lines": 38, "num_statements": 47, "percent_covered": 80.85106382978724, "percent_covered_display": "81", "missing_lines": 9, "excluded_lines": 0, "percent_statements_covered": 80.85106382978724, "percent_statements_covered_display": "81"}, "missing_lines": [57, 75, 77, 79, 109, 115, 116, 121, 122], "excluded_lines": []}, "FileWatcher": {"executed_lines": [150, 151, 152, 153, 154, 155, 156, 157, 158, 159, 162, 163, 165, 181, 183, 184, 186, 188, 189, 190, 192, 195, 196, 197, 198, 199, 203, 207, 208, 210, 211, 212, 213, 217, 218, 222, 223, 225, 232, 233, 234, 236, 237, 238, 242, 243, 244, 245, 246, 255, 256, 259, 260, 262, 266, 267, 268], "summary": {"covered_lines": 57, "num_statements": 67, "percent_covered": 85.07462686567165, "percent_covered_display": "85", "missing_lines": 10, "excluded_lines": 0, "percent_statements_covered": 85.07462686567165, "percent_statements_covered_display": "85"}, "missing_lines": [171, 172, 193, 200, 201, 214, 215, 239, 240, 257], "excluded_lines": []}, "": {"executed_lines": [1, 3, 4, 5, 6, 7, 8, 10, 13, 14, 15, 17, 18, 24, 25, 27, 54, 63, 72, 98, 125, 126, 128, 169, 174, 205, 220, 248, 264], "summary": {"covered_lines": 26, "num_statements": 29, "percent_covered": 89.65517241379311, "percent_covered_display": "90", "missing_lines": 3, "excluded_lines": 0, "percent_statements_covered": 89.65517241379311, "percent_statements_covered_display": "90"}, "missing_lines": [19, 20, 21], "excluded_lines": []}}}}, "totals": {"covered_lines": 379, "num_statements": 464, "percent_covered": 81.68103448275862, "percent_covered_display": "82", "missing_lines": 85, "excluded_lines": 0, "percent_statements_covered": 81.68103448275862, "percent_statements_covered_display": "82"}}